PFE20170425163253null---2---2
PFE20170425163253null---2---2
PFE20170425163253null---2---2
PFE20170425163253null---2---2
PFE20170425163253null---2---2
PFE20170425163253null---2---2
PFE20170425163253null---2---2
PFE20170425163253null---2---2
PFE20170425163253null---2---2
PFE20170425163253null---2---2
PFE20170425163253null---2---2
PFE20170425163253null---2---2
PFE20170425163253null---2---2
PFE20170425163253null---2---2
PFE20170425163253null---2---2
PFE20170425163253null---2---2
PFE20170425163253null---2---2
PFE20170425163253null---3---3
PFE20170425163253null---3---3
PFE20170425163253null---3---3
PFE20170425163253null---2---2
PFE20170425163253null---2---2
PFE20170425163253null---2---2
PFE20170425163253null---2---2
PFE20170425163253null---3---3
PFE20170425163253null---3---3
PFE20170425163253null---3---3
PFE20170425163253null---3---3
PFE20170425163253null---3---3
PFE20170425163253null---3---3
PFE20170425163253null---3---3
PFE20170425163253null---3---3
PFE20170425163253null---3---3
PFE20170425163253null---3---3
PFE20170425163253null---3---3
PFE20170425163253null---3---3
PFE20170425163253null---3---3
PFE20170425163253null---3---3
PFE20170425163253null---3---3
PFE20170425163253null---3---3
PFE20170425163253null---3---3
PFE20170425163253null---3---3
PFE20170425163253null---3---3
PFE20170425163253null---3---3
JPB20170502135814null---1---1
JPB20170502135814null---1---1
JPB20170502135814null---1---1
JPB20170502135814null---1---1
PSD20170503220208null---1---1
PSD20170503220208null---1---1
PSD20170503220208null---1---1
PSD20170503220208null---5---5
PSD20170503220208null---5---5
PSD20170503220208null---5---5
PSD20170503220208null---5---5
PSD20170503220208null---5---5
PSD20170503220208null---5---5
PSD20170503220208null---5---5
PSD20170503220208null---5---5
PSD20170503220208null---5---5
PSD20170503220208null---5---5
PSD20170503220208null---5---5
PSD20170503220208null---2---2
PSD20170503220208null---2---2
PSD20170503220208null---5---5
PSD20170503220208null---5---5
PSD20170503220208null---5---5
PSD20170503220208null---5---5
PSD20170503220208null---5---5
PSD20170503220208null---5---5
PSD20170503220208null---5---5
PSD20170503220208null---5---5
PSD20170503220208null---5---5
PSD20170503220208null---5---5
PSD20170503220208null---5---5
PSD20170503220208null---5---5
PSD20170503220208null---5---5
PSD20170503220208null---5---5
PSD20170503220208null---5---5
FKF20170504100554null---5---5
FKF20170504100554null---5---5
FKF20170504100554null---5---5
FKF20170504100554null---5---5
FKF20170504100554null---5---5
FKF20170504100554null---5---5
FKF20170504100554null---5---5
FKF20170504100554null---5---5
FKF20170504100554null---5---5
GCG20170504160658null---1---1
CRI20170505100025null---1---1
CRI20170505100025null---2---2
CRI20170505100025null---2---2
ZOD20170505095942null---3---3
ZOD20170505095942null---3---3
CRI20170505100025null---2---2
ZOD20170505095942null---3---3
CRI20170505100025null---2---2
ZOD20170505095942null---3---3
ZOD20170505095942null---3---3
ZOD20170505095942null---3---3
CRI20170505100025null---2---2
CRI20170505100025null---2---2
CRI20170505100025null---2---2
CRI20170505100025null---2---2
ZOD20170505095942null---3---3
CRI20170505100025null---2---2
ZOD20170505095942null---3---3
ZOD20170505095942null---3---3
ZOD20170505095942null---3---3
ZOD20170505095942null---3---3
ZOD20170505095942null---3---3
ZOD20170505095942null---3---3
CRI20170505100025null---2---2
CRI20170505100025null---2---2
ZOD20170505095942null---3---3
ZOD20170505095942null---3---3
ZOD20170505095942null---3---3
ZOD20170505095942null---3---3
ZIJ20170505110215null---1---1
ZIJ20170505110215null---1---1
ZIJ20170505110215null---3---3
ZIJ20170505110215null---3---3
ZIJ20170505110215null---3---3
CRI20170505100025null---2---2
ZIJ20170505110215null---3---3
ZOD20170505095942null---3---3
ZOD20170505095942null---3---3
ZIJ20170505110215null---3---3
ZIJ20170505110215null---3---3
ZIJ20170505110215null---3---3
ZIJ20170505110215null---3---3
ZOD20170505095942null---3---3
CRI20170505100025null---2---2
ZIJ20170505110215null---3---3
ZIJ20170505110215null---3---3
ZOD20170505095942null---3---3
ZOD20170505095942null---3---3
ZOD20170505095942null---3---3
CRI20170505100025null---2---2
CRI20170505100025null---2---2
CRI20170505100025null---2---2
ZIJ20170505110215null---3---3
CRI20170505100025null---2---2
CRI20170505100025null---2---2
CRI20170505100025null---2---2
ZOD20170505095942null---3---3
CRI20170505100025null---2---2
CRI20170505100025null---2---2
ZOD20170505095942null---3---3
CRI20170505100025null---2---2
CRI20170505100025null---2---2
CRI20170505100025null---2---2
CRI20170505100025null---2---2
CRI20170505100025null---2---2
CRI20170505100025null---2---2
CRI20170505100025null---2---2
CRI20170505100025null---2---2
CRI20170505100025null---2---2
CRI20170505100025null---2---2
TKE20170505155904null---2---2
TKE20170505155904null---2---2
TKE20170505155904null---3---3
TKE20170505155904null---3---3
TKE20170505155904null---3---3
TKE20170505155904null---2---2
TKE20170505155904null---2---2
TKE20170505155904null---2---2
TKE20170505155904null---5---5
GVN20170505164907null---1---1
GVN20170505164907null---5---5
GVN20170505164907null---4---4
VLY20170506121542null---2---2
VLY20170506121542null---2---2
VLY20170506121542null---2---2
VLY20170506121542null---2---2
GYE20170507170757null---1---1
GYE20170507170757null---5---5
GYE20170507170757null---5---5
GYE20170507170757null---4---4
NTX20170507170151null---4---4
NTX20170507170151null---4---4
NTX20170507170151null---4---4
NTX20170507170151null---4---4
NTX20170507170151null---4---4
NTX20170507170151null---4---4
NTX20170507170151null---4---4
NTX20170507170151null---4---4
NTX20170507170151null---4---4
NTX20170507170151null---4---4
NTX20170507170151null---4---4
NTX20170507170151null---4---4
NTX20170507170151null---4---4
NTX20170507170151null---4---4
NTX20170507170151null---4---4
NTX20170507170151null---4---4
NTX20170507170151null---4---4
NTX20170507170151null---4---4
NTX20170507170151null---4---4
NTX20170507170151null---4---4
NTX20170507170151null---4---4
NTX20170507170151null---4---4
NTX20170507170151null---4---4
NTX20170507170151null---4---4
NTX20170507170151null---4---4
GYE20170507170757null---4---4
GYE20170507170757null---4---4
GYE20170507170757null---4---4
NTX20170507170151null---4---4
GYE20170507170757null---4---4
GYE20170507170757null---4---4
GYE20170507170757null---4---4
GYE20170507170757null---4---4
GYE20170507170757null---4---4
NTX20170507170151null---4---4
GYE20170507170757null---4---4
GYE20170507170757null---4---4
GYE20170507170757null---4---4
NTX20170507170151null---4---4
NTX20170507170151null---4---4
NTX20170507170151null---4---4
NTX20170507170151null---4---4
NTX20170507170151null---4---4
NTX20170507170151null---4---4
NTX20170507170151null---4---4
NTX20170507170151null---4---4
GYE20170507170757null---4---4
GYE20170507170757null---4---4
GYE20170507170757null---4---4
GYE20170507170757null---4---4
GYE20170507170757null---4---4
GYE20170507170757null---4---4
GYE20170507170757null---4---4
GYE20170507170757null---4---4
GYE20170507170757null---4---4
GYE20170507170757null---4---4
GYE20170507170757null---4---4
GYE20170507170757null---4---4
GYE20170507170757null---4---4
GYE20170507170757null---4---4
GYE20170507170757null---4---4
GYE20170507170757null---4---4
FMU20170509162909null---1---1
FMU20170509162909null---1---1
FMU20170509162909null---2---2
FMU20170509162909null---2---2
FMU20170509162909null---2---2
FMU20170509162909null---2---2
FMU20170509162909null---2---2
FMU20170509162909null---2---2
FMU20170509162909null---2---2
FMU20170509162909null---2---2
FMU20170509162909null---2---2
FMU20170509162909null---2---2
FMU20170509162909null---2---2
FMU20170509162909null---2---2
FMU20170509162909null---2---2
FMU20170509162909null---2---2
FMU20170509162909null---2---2
FMU20170509162909null---2---2
FMU20170509162909null---2---2
FMU20170509162909null---2---2
FMU20170509162909null---2---2
FMU20170509162909null---2---2
FMU20170509162909null---2---2
FMU20170509162909null---2---2
FMU20170509162909null---2---2
FMU20170509162909null---2---2
FMU20170509162909null---2---2
FMU20170509162909null---2---2
FMU20170509162909null---2---2
FMU20170509162909null---2---2
FMU20170509162909null---2---2
FMU20170509162909null---2---2
FMU20170509162909null---2---2
FMU20170509162909null---2---2
FMU20170509162909null---2---2
FMU20170509162909null---2---2
FMU20170509162909null---2---2
FMU20170509162909null---2---2
FMU20170509162909null---2---2
FMU20170509162909null---2---2
FMU20170509162909null---2---2
FMU20170509162909null---2---2
FMU20170509162909null---2---2
FMU20170509162909null---2---2
FMU20170509162909null---2---2
FMU20170509162909null---2---2
FMU20170509162909null---2---2
FMU20170509162909null---2---2
FMU20170509162909null---2---2
FMU20170509162909null---2---2
FMU20170509162909null---2---2
FMU20170509162909null---2---2
FMU20170509162909null---2---2
FMU20170509162909null---2---2
FMU20170509162909null---2---2
FMU20170509162909null---2---2
FMU20170509162909null---2---2
FMU20170509162909null---2---2
FMU20170509162909null---2---2
FMU20170509162909null---2---2
FMU20170509162909null---2---2
FMU20170509162909null---2---2
FMU20170509162909null---2---2
FMU20170509162909null---2---2
FMU20170509162909null---2---2
FMU20170509162909null---2---2
FMU20170509162909null---2---2
FMU20170509162909null---2---2
FMU20170509162909null---2---2
FMU20170509162909null---2---2
FMU20170509162909null---2---2
FMU20170509162909null---2---2
FMU20170509162909null---2---2
FMU20170509162909null---2---2
FMU20170509162909null---2---2
FMU20170509162909null---2---2
FMU20170509162909null---2---2
FMU20170509162909null---2---2
FMU20170509162909null---2---2
FMU20170509162909null---2---2
FMU20170509162909null---2---2
FMU20170509162909null---2---2
FMU20170509162909null---2---2
FMU20170509162909null---2---2
FMU20170509162909null---2---2
FMU20170509162909null---2---2
FMU20170509162909null---2---2
FMU20170509162909null---2---2
FMU20170509162909null---2---2
FMU20170509162909null---2---2
FMU20170509162909null---2---2
FMU20170509162909null---2---2
FMU20170509162909null---2---2
FMU20170509162909null---2---2
FMU20170509162909null---2---2
FMU20170509162909null---2---2
FMU20170509162909null---2---2
FMU20170509162909null---2---2
FMU20170509162909null---2---2
FMU20170509162909null---2---2
FMU20170509162909null---2---2
FMU20170509162909null---2---2
FMU20170509162909null---2---2
FMU20170509162909null---2---2
FMU20170509162909null---2---2
FMU20170509162909null---2---2
FMU20170509162909null---2---2
FMU20170509162909null---2---2
FMU20170509162909null---2---2
FMU20170509162909null---2---2
FMU20170509162909null---2---2
FMU20170509162909null---2---2
FMU20170509162909null---2---2
FMU20170509162909null---2---2
FMU20170509162909null---2---2
FMU20170509162909null---2---2
FMU20170509162909null---2---2
FMU20170509162909null---2---2
FMU20170509162909null---2---2
FMU20170509162909null---2---2
FMU20170509162909null---2---2
FMU20170509162909null---2---2
FMU20170509162909null---2---2
FMU20170509162909null---2---2
FMU20170509162909null---2---2
FMU20170509162909null---2---2
FMU20170509162909null---2---2
FMU20170509162909null---2---2
FMU20170509162909null---2---2
FMU20170509162909null---2---2
FMU20170509162909null---2---2
FMU20170509162909null---2---2
FMU20170509162909null---2---2
FMU20170509162909null---2---2
FMU20170509162909null---2---2
FMU20170509162909null---2---2
FMU20170509162909null---2---2
FMU20170509162909null---2---2
FMU20170509162909null---2---2
FMU20170509162909null---2---2
FMU20170509162909null---2---2
FMU20170509162909null---2---2
FMU20170509162909null---2---2
FMU20170509162909null---2---2
FMU20170509162909null---2---2
FMU20170509162909null---2---2
FMU20170509162909null---2---2
FMU20170509162909null---2---2
FMU20170509162909null---2---2
FMU20170509162909null---2---2
FMU20170509162909null---2---2
FMU20170509162909null---2---2
FMU20170509162909null---2---2
FMU20170509162909null---2---2
FMU20170509162909null---2---2
FMU20170509162909null---2---2
FMU20170509162909null---2---2
FMU20170509162909null---2---2
FMU20170509162909null---2---2
FMU20170509162909null---2---2
FMU20170509162909null---2---2
FMU20170509162909null---2---2
FMU20170509162909null---2---2
FMU20170509162909null---2---2
FMU20170509162909null---2---2
FMU20170509162909null---2---2
FMU20170509162909null---2---2
FMU20170509162909null---2---2
FMU20170509162909null---2---2
FMU20170509162909null---2---2
FMU20170509162909null---2---2
FMU20170509162909null---2---2
FMU20170509162909null---2---2
FMU20170509162909null---2---2
FMU20170509162909null---2---2
FMU20170509162909null---2---2
FMU20170509162909null---2---2
FMU20170509162909null---2---2
FMU20170509162909null---2---2
FMU20170509162909null---2---2
FMU20170509162909null---2---2
FMU20170509162909null---2---2
FMU20170509162909null---2---2
FMU20170509162909null---2---2
FMU20170509162909null---2---2
FMU20170509162909null---2---2
FMU20170509162909null---2---2
FMU20170509162909null---2---2
FMU20170509162909null---2---2
FMU20170509162909null---2---2
FMU20170509162909null---2---2
FMU20170509162909null---2---2
FMU20170509162909null---2---2
FMU20170509162909null---2---2
FMU20170509162909null---2---2
FMU20170509162909null---2---2
FMU20170509162909null---2---2
FMU20170509162909null---2---2
FMU20170509162909null---2---2
FMU20170509162909null---2---2
FMU20170509162909null---2---2
FMU20170509162909null---2---2
FMU20170509162909null---2---2
FMU20170509162909null---2---2
FMU20170509162909null---2---2
FMU20170509162909null---2---2
FMU20170509162909null---2---2
FMU20170509162909null---2---2
FMU20170509162909null---2---2
FMU20170509162909null---2---2
FMU20170509162909null---2---2
FMU20170509162909null---2---2
FMU20170509162909null---2---2
FMU20170509162909null---2---2
FMU20170509162909null---2---2
FMU20170509162909null---2---2
FMU20170509162909null---2---2
FMU20170509162909null---2---2
FMU20170509162909null---2---2
FMU20170509162909null---2---2
FMU20170509162909null---2---2
FMU20170509162909null---2---2
FMU20170509162909null---2---2
FMU20170509162909null---2---2
FMU20170509162909null---2---2
FMU20170509162909null---2---2
FMU20170509162909null---2---2
FMU20170509162909null---2---2
FMU20170509162909null---2---2
FMU20170509162909null---2---2
FMU20170509162909null---2---2
FMU20170509162909null---2---2
FMU20170509162909null---2---2
FMU20170509162909null---2---2
FMU20170509162909null---2---2
FMU20170509162909null---2---2
FMU20170509162909null---2---2
FMU20170509162909null---2---2
FMU20170509162909null---2---2
FMU20170509162909null---2---2
FMU20170509162909null---2---2
FMU20170509162909null---2---2
FMU20170509162909null---2---2
FMU20170509162909null---2---2
FMU20170509162909null---2---2
FMU20170509162909null---2---2
FMU20170509162909null---2---2
FMU20170509162909null---2---2
FMU20170509162909null---2---2
FMU20170509162909null---2---2
FMU20170509162909null---2---2
FMU20170509162909null---2---2
FMU20170509162909null---2---2
FMU20170509162909null---2---2
FMU20170509162909null---2---2
FMU20170509162909null---2---2
FMU20170509162909null---2---2
FMU20170509162909null---2---2
FMU20170509162909null---2---2
FMU20170509162909null---2---2
FMU20170509162909null---2---2
FMU20170509162909null---2---2
FMU20170509162909null---2---2
FMU20170509162909null---2---2
FMU20170509162909null---2---2
FMU20170509162909null---2---2
FMU20170509162909null---2---2
FMU20170509162909null---2---2
FMU20170509162909null---2---2
FMU20170509162909null---2---2
FMU20170509162909null---2---2
FMU20170509162909null---2---2
FMU20170509162909null---2---2
FMU20170509162909null---2---2
FMU20170509162909null---2---2
FMU20170509162909null---2---2
FMU20170509162909null---2---2
FMU20170509162909null---2---2
FMU20170509162909null---2---2
FMU20170509162909null---2---2
FMU20170509162909null---2---2
FMU20170509162909null---2---2
FMU20170509162909null---2---2
FMU20170509162909null---2---2
FMU20170509162909null---2---2
FMU20170509162909null---2---2
FMU20170509162909null---2---2
FMU20170509162909null---2---2
FMU20170509162909null---2---2
FMU20170509162909null---2---2
FMU20170509162909null---2---2
FMU20170509162909null---2---2
FMU20170509162909null---2---2
FMU20170509162909null---2---2
FMU20170509162909null---2---2
FMU20170509162909null---2---2
FMU20170509162909null---2---2
FMU20170509162909null---2---2
FMU20170509162909null---2---2
FMU20170509162909null---2---2
FMU20170509162909null---2---2
FMU20170509162909null---2---2
FMU20170509162909null---2---2
FMU20170509162909null---2---2
FMU20170509162909null---2---2
FMU20170509162909null---2---2
FMU20170509162909null---2---2
FMU20170509162909null---2---2
FMU20170509162909null---2---2
FMU20170509162909null---2---2
FMU20170509162909null---2---2
FMU20170509162909null---2---2
FMU20170509162909null---2---2
FMU20170509162909null---2---2
FMU20170509162909null---2---2
FMU20170509162909null---2---2
FMU20170509162909null---2---2
FMU20170509162909null---2---2
FMU20170509162909null---2---2
FMU20170509162909null---2---2
FMU20170509162909null---2---2
FMU20170509162909null---2---2
FMU20170509162909null---2---2
FMU20170509162909null---2---2
FMU20170509162909null---2---2
FMU20170509162909null---2---2
FMU20170509162909null---2---2
FMU20170509162909null---2---2
FMU20170509162909null---2---2
FMU20170509162909null---2---2
FMU20170509162909null---2---2
FMU20170509162909null---2---2
FMU20170509162909null---2---2
FMU20170509162909null---2---2
FMU20170509162909null---2---2
FMU20170509162909null---2---2
FMU20170509162909null---2---2
FMU20170509162909null---2---2
FMU20170509162909null---2---2
FMU20170509162909null---2---2
FMU20170509162909null---2---2
FMU20170509162909null---2---2
FMU20170509162909null---2---2
FMU20170509162909null---2---2
FMU20170509162909null---2---2
FMU20170509162909null---2---2
FMU20170509162909null---2---2
FMU20170509162909null---2---2
FMU20170509162909null---2---2
FMU20170509162909null---2---2
FMU20170509162909null---2---2
FMU20170509162909null---2---2
FMU20170509162909null---2---2
FMU20170509162909null---2---2
FMU20170509162909null---2---2
FMU20170509162909null---2---2
FMU20170509162909null---2---2
FMU20170509162909null---2---2
FMU20170509162909null---2---2
FMU20170509162909null---2---2
FMU20170509162909null---2---2
FMU20170509162909null---2---2
FMU20170509162909null---2---2
FMU20170509162909null---2---2
FMU20170509162909null---2---2
FMU20170509162909null---2---2
FMU20170509162909null---2---2
FMU20170509162909null---2---2
FMU20170509162909null---2---2
FMU20170509162909null---2---2
FMU20170509162909null---2---2
FMU20170509162909null---2---2
FMU20170509162909null---2---2
FMU20170509162909null---2---2
FMU20170509162909null---2---2
FMU20170509162909null---2---2
FMU20170509162909null---2---2
FMU20170509162909null---2---2
FMU20170509162909null---2---2
FMU20170509162909null---2---2
FMU20170509162909null---2---2
FMU20170509162909null---2---2
FMU20170509162909null---2---2
FMU20170509162909null---2---2
FMU20170509162909null---2---2
FMU20170509162909null---2---2
FMU20170509162909null---2---2
FMU20170509162909null---2---2
FMU20170509162909null---2---2
FMU20170509162909null---2---2
FMU20170509162909null---2---2
FMU20170509162909null---2---2
FMU20170509162909null---2---2
FMU20170509162909null---2---2
FMU20170509162909null---2---2
FMU20170509162909null---2---2
FMU20170509162909null---2---2
FMU20170509162909null---2---2
FMU20170509162909null---2---2
FMU20170509162909null---2---2
FMU20170509162909null---2---2
FMU20170509162909null---2---2
FMU20170509162909null---2---2
FMU20170509162909null---2---2
FMU20170509162909null---2---2
FMU20170509162909null---2---2
FMU20170509162909null---2---2
FMU20170509162909null---2---2
FMU20170509162909null---2---2
FMU20170509162909null---2---2
FMU20170509162909null---2---2
FMU20170509162909null---2---2
FMU20170509162909null---2---2
FMU20170509162909null---2---2
FMU20170509162909null---2---2
FMU20170509162909null---2---2
FMU20170509162909null---2---2
FMU20170509162909null---2---2
FMU20170509162909null---2---2
FMU20170509162909null---2---2
FMU20170509162909null---2---2
FMU20170509162909null---2---2
FMU20170509162909null---2---2
FMU20170509162909null---2---2
FMU20170509162909null---2---2
FMU20170509162909null---2---2
FMU20170509162909null---2---2
FMU20170509162909null---2---2
FMU20170509162909null---2---2
FMU20170509162909null---2---2
FMU20170509162909null---2---2
FMU20170509162909null---2---2
FMU20170509162909null---2---2
FMU20170509162909null---2---2
FMU20170509162909null---2---2
FMU20170509162909null---2---2
FMU20170509162909null---2---2
FMU20170509162909null---2---2
FMU20170509162909null---2---2
FMU20170509162909null---2---2
FMU20170509162909null---2---2
FMU20170509162909null---2---2
FMU20170509162909null---2---2
FMU20170509162909null---2---2
FMU20170509162909null---2---2
FMU20170509162909null---2---2
FMU20170509162909null---2---2
FMU20170509162909null---2---2
FMU20170509162909null---2---2
FMU20170509162909null---2---2
FMU20170509162909null---2---2
FMU20170509162909null---2---2
FMU20170509162909null---2---2
FMU20170509162909null---2---2
FMU20170509162909null---2---2
FMU20170509162909null---2---2
FMU20170509162909null---2---2
FMU20170509162909null---2---2
FMU20170509162909null---2---2
FMU20170509162909null---2---2
FMU20170509162909null---2---2
FMU20170509162909null---2---2
FMU20170509162909null---2---2
FMU20170509162909null---2---2
FMU20170509162909null---2---2
FMU20170509162909null---2---2
FMU20170509162909null---2---2
FMU20170509162909null---2---2
FMU20170509162909null---2---2
FMU20170509162909null---2---2
FMU20170509162909null---2---2
FMU20170509162909null---2---2
FMU20170509162909null---2---2
FMU20170509162909null---2---2
FMU20170509162909null---2---2
FMU20170509162909null---2---2
FMU20170509162909null---1---1
FMU20170509162909null---1---1
FMU20170509162909null---1---1
FMU20170509162909null---1---1
FMU20170509162909null---1---1
FMU20170509162909null---1---1
FMU20170509162909null---2---2
FMU20170509162909null---2---2
FMU20170509162909null---2---2
FMU20170509162909null---2---2
FMU20170509162909null---2---2
FMU20170509162909null---2---2
IMY20170511092326null---2---2
IMY20170511092326null---2---2
IMY20170511092326null---2---2
IMY20170511092326null---2---2
FMU20170509162909null---2---2
FMU20170509162909null---2---2
FMU20170509162909null---2---2
FMU20170509162909null---2---2
IMY20170511092326null---2---2
FMU20170509162909null---2---2
FMU20170509162909null---2---2
FMU20170509162909null---2---2
IMY20170511092326null---2---2
IMY20170511092326null---2---2
IMY20170511092326null---2---2
IMY20170511092326null---2---2
IMY20170511092326null---2---2
IMY20170511092326null---2---2
IMY20170511092326null---2---2
IMY20170511092326null---2---2
FMU20170509162909null---2---2
FMU20170509162909null---2---2
IMY20170511092326null---2---2
IMY20170511092326null---2---2
FMU20170509162909null---2---2
FMU20170509162909null---2---2
IMY20170511092326null---2---2
IMY20170511092326null---2---2
IMY20170511092326null---2---2
FMU20170509162909null---2---2
IMY20170511092326null---2---2
IMY20170511092326null---2---2
FMU20170509162909null---2---2
IMY20170511092326null---2---2
FMU20170509162909null---2---2
FMU20170509162909null---2---2
FMU20170509162909null---2---2
FMU20170509162909null---2---2
FMU20170509162909null---2---2
IMY20170511092326null---2---2
IMY20170511092326null---2---2
FMU20170509162909null---2---2
FMU20170509162909null---2---2
FMU20170509162909null---2---2
IMY20170511092326null---2---2
FMU20170509162909null---2---2
FMU20170509162909null---2---2
FMU20170509162909null---2---2
FMU20170509162909null---2---2
FMU20170509162909null---2---2
FMU20170509162909null---2---2
FMU20170509162909null---2---2
FMU20170509162909null---2---2
FMU20170509162909null---2---2
FMU20170509162909null---2---2
FMU20170509162909null---2---2
FMU20170509162909null---2---2
FMU20170509162909null---2---2
FMU20170509162909null---2---2
FMU20170509162909null---2---2
FMU20170509162909null---2---2
FMU20170509162909null---2---2
FMU20170509162909null---2---2
FMU20170509162909null---2---2
FMU20170509162909null---2---2
FMU20170509162909null---2---2
FMU20170509162909null---2---2
FMU20170509162909null---2---2
FMU20170509162909null---2---2
FMU20170509162909null---2---2
FMU20170509162909null---2---2
FMU20170509162909null---2---2
FMU20170509162909null---2---2
FMU20170509162909null---2---2
FMU20170509162909null---2---2
FMU20170509162909null---2---2
FMU20170509162909null---2---2
FMU20170509162909null---2---2
FMU20170509162909null---2---2
FMU20170509162909null---2---2
FMU20170509162909null---2---2
FMU20170509162909null---2---2
FMU20170509162909null---2---2
FMU20170509162909null---2---2
FMU20170509162909null---2---2
FMU20170509162909null---2---2
FMU20170509162909null---2---2
FMU20170509162909null---2---2
FMU20170509162909null---2---2
FMU20170509162909null---2---2
FMU20170509162909null---2---2
FMU20170509162909null---2---2
FMU20170509162909null---2---2
FMU20170509162909null---2---2
FMU20170509162909null---2---2
FMU20170509162909null---2---2
FMU20170509162909null---2---2
FMU20170509162909null---2---2
FMU20170509162909null---2---2
FMU20170509162909null---2---2
FMU20170509162909null---2---2
FMU20170509162909null---2---2
FMU20170509162909null---2---2
FMU20170509162909null---2---2
FMU20170509162909null---2---2
FMU20170509162909null---2---2
FMU20170509162909null---2---2
FMU20170509162909null---2---2
FMU20170509162909null---2---2
FMU20170509162909null---2---2
FMU20170509162909null---2---2
FMU20170509162909null---2---2
FMU20170509162909null---2---2
FMU20170509162909null---2---2
FMU20170509162909null---2---2
BQF20170511140844null---2---2
BQF20170511140844null---2---2
BQF20170511140844null---2---2
BQF20170511140844null---2---2
BQF20170511140844null---2---2
BQF20170511140844null---2---2
BQF20170511140844null---2---2
BQF20170511140844null---2---2
BQF20170511140844null---2---2
BQF20170511140844null---2---2
BQF20170511140844null---2---2
BQF20170511140844null---2---2
BQF20170511140844null---2---2
BQF20170511140844null---2---2
BQF20170511140844null---2---2
BQF20170511140844null---2---2
BQF20170511140844null---2---2
BQF20170511140844null---2---2
BQF20170511140844null---2---2
BQF20170511140844null---2---2
BQF20170511140844null---2---2
BQF20170511140844null---2---2
BQF20170511140844null---2---2
BQF20170511140844null---2---2
BQF20170511140844null---2---2
BQF20170511140844null---2---2
BQF20170511140844null---2---2
KZK20170511145233null---1---1
KZK20170511145233null---1---1
KZK20170511145233null---1---1
KZK20170511145233null---1---1
BQF20170511140844null---2---2
BQF20170511140844null---2---2
BQF20170511140844null---2---2
KZK20170511145233null---1---1
KZK20170511145233null---1---1
KZK20170511145233null---1---1
BQF20170511140844null---2---2
KZK20170511145233null---1---1
KZK20170511145233null---1---1
KZK20170511145233null---1---1
KZK20170511145233null---1---1
KZK20170511145233null---1---1
BQF20170511140844null---2---2
KZK20170511145233null---1---1
KZK20170511145233null---1---1
BQF20170511140844null---2---2
KZK20170511145233null---1---1
KZK20170511145233null---2---2
KZK20170511145233null---2---2
BQF20170511140844null---2---2
BQF20170511140844null---2---2
KZK20170511145233null---2---2
KZK20170511145233null---2---2
BQF20170511140844null---2---2
BQF20170511140844null---2---2
BQF20170511140844null---2---2
BQF20170511140844null---2---2
BQF20170511140844null---2---2
KZK20170511145233null---2---2
KZK20170511145233null---2---2
KZK20170511145233null---2---2
KZK20170511145233null---2---2
BQF20170511140844null---2---2
KZK20170511145233null---2---2
BQF20170511140844null---2---2
BQF20170511140844null---2---2
KZK20170511145233null---2---2
KZK20170511145233null---2---2
KZK20170511145233null---2---2
BQF20170511140844null---2---2
BQF20170511140844null---2---2
BQF20170511140844null---2---2
KZK20170511145233null---2---2
KZK20170511145233null---2---2
KZK20170511145233null---2---2
KZK20170511145233null---2---2
KZK20170511145233null---2---2
KZK20170511145233null---2---2
BQF20170511140844null---2---2
KZK20170511145233null---2---2
BQF20170511140844null---2---2
BQF20170511140844null---2---2
BQF20170511140844null---2---2
KZK20170511145233null---2---2
BQF20170511140844null---2---2
BQF20170511140844null---2---2
BQF20170511140844null---2---2
FMU20170509162909null---2---2
BQF20170511140844null---2---2
BQF20170511140844null---2---2
BQF20170511140844null---2---2
FMU20170509162909null---2---2
BQF20170511140844null---2---2
BQF20170511140844null---2---2
BQF20170511140844null---2---2
FMU20170509162909null---2---2
BQF20170511140844null---2---2
BQF20170511140844null---2---2
BQF20170511140844null---2---2
BQF20170511140844null---2---2
BQF20170511140844null---2---2
KZK20170511145233null---2---2
KZK20170511145233null---2---2
BQF20170511140844null---2---2
BQF20170511140844null---2---2
BQF20170511140844null---2---2
BQF20170511140844null---2---2
BQF20170511140844null---2---2
FMU20170509162909null---2---2
BQF20170511140844null---2---2
BQF20170511140844null---2---2
BQF20170511140844null---2---2
BQF20170511140844null---2---2
BQF20170511140844null---2---2
BQF20170511140844null---2---2
BQF20170511140844null---2---2
KZK20170511145233null---2---2
KZK20170511145233null---2---2
KZK20170511145233null---2---2
KZK20170511145233null---2---2
BQF20170511140844null---2---2
BQF20170511140844null---2---2
FMU20170509162909null---2---2
BQF20170511140844null---2---2
KZK20170511145233null---2---2
KZK20170511145233null---2---2
FMU20170509162909null---2---2
KZK20170511145233null---2---2
KZK20170511145233null---2---2
KZK20170511145233null---2---2
KZK20170511145233null---2---2
BQF20170511140844null---2---2
FMU20170509162909null---2---2
BQF20170511140844null---2---2
FMU20170509162909null---2---2
FMU20170509162909null---2---2
FMU20170509162909null---2---2
FMU20170509162909null---2---2
FMU20170509162909null---2---2
KZK20170511145233null---2---2
FMU20170509162909null---2---2
FMU20170509162909null---2---2
FMU20170509162909null---2---2
FMU20170509162909null---2---2
FMU20170509162909null---2---2
FMU20170509162909null---2---2
FMU20170509162909null---2---2
FMU20170509162909null---2---2
FMU20170509162909null---2---2
FMU20170509162909null---2---2
FMU20170509162909null---2---2
FMU20170509162909null---2---2
FMU20170509162909null---2---2
FMU20170509162909null---2---2
FMU20170509162909null---2---2
FMU20170509162909null---2---2
FMU20170509162909null---2---2
FMU20170509162909null---2---2
FMU20170509162909null---2---2
FMU20170509162909null---2---2
FMU20170509162909null---2---2
FMU20170509162909null---2---2
FMU20170509162909null---2---2
FMU20170509162909null---2---2
FMU20170509162909null---2---2
FMU20170509162909null---2---2
FMU20170509162909null---2---2
FMU20170509162909null---2---2
FMU20170509162909null---2---2
FMU20170509162909null---2---2
FMU20170509162909null---2---2
FMU20170509162909null---2---2
FMU20170509162909null---2---2
FMU20170509162909null---2---2
FMU20170509162909null---2---2
FMU20170509162909null---2---2
BQF20170511140844null---2---2
BQF20170511140844null---2---2
BQF20170511140844null---2---2
BQF20170511140844null---2---2
BQF20170511140844null---2---2
BQF20170511140844null---2---2
BQF20170511140844null---2---2
BQF20170511140844null---2---2
BQF20170511140844null---2---2
BQF20170511140844null---2---2
BQF20170511140844null---2---2
FMU20170509162909null---2---2
BQF20170511140844null---2---2
FMU20170509162909null---2---2
FMU20170509162909null---2---2
FMU20170509162909null---2---2
BQF20170511140844null---2---2
BQF20170511140844null---2---2
FMU20170509162909null---2---2
BQF20170511140844null---2---2
BQF20170511140844null---2---2
BQF20170511140844null---2---2
FMU20170509162909null---2---2
FMU20170509162909null---2---2
FMU20170509162909null---2---2
FMU20170509162909null---2---2
FMU20170509162909null---2---2
FMU20170509162909null---2---2
FMU20170509162909null---2---2
FMU20170509162909null---2---2
FMU20170509162909null---2---2
FMU20170509162909null---2---2
FMU20170509162909null---2---2
FMU20170509162909null---2---2
BQF20170511140844null---2---2
BQF20170511140844null---2---2
KZK20170511145233null---2---2
BQF20170511140844null---2---2
KZK20170511145233null---2---2
BQF20170511140844null---2---2
KZK20170511145233null---2---2
KZK20170511145233null---2---2
BQF20170511140844null---2---2
KZK20170511145233null---2---2
KZK20170511145233null---2---2
KZK20170511145233null---2---2
FMU20170509162909null---2---2
PUK20170511171710null---4---4
PUK20170511171710null---4---4
PUK20170511171710null---4---4
PUK20170511171710null---4---4
PUK20170511171710null---4---4
PUK20170511171710null---4---4
FMU20170509162909null---2---2
FMU20170509162909null---2---2
PUK20170511171710null---4---4
FMU20170509162909null---2---2
FMU20170509162909null---2---2
FMU20170509162909null---2---2
PAM20170511165310null---1---1
FMU20170509162909null---2---2
FMU20170509162909null---2---2
KZK20170511145233null---2---2
FMU20170509162909null---2---2
PUK20170511171710null---4---4
PUK20170511171710null---4---4
BQF20170511140844null---2---2
PUK20170511171710null---4---4
PUK20170511171710null---4---4
FMU20170509162909null---2---2
PUK20170511171710null---4---4
FMU20170509162909null---2---2
PUK20170511171710null---4---4
PUK20170511171710null---4---4
PUK20170511171710null---4---4
PUK20170511171710null---4---4
FMU20170509162909null---2---2
PUK20170511171710null---4---4
FMU20170509162909null---2---2
FMU20170509162909null---2---2
PUK20170511171710null---4---4
PUK20170511171710null---4---4
PUK20170511171710null---4---4
FMU20170509162909null---2---2
PUK20170511171710null---4---4
FMU20170509162909null---2---2
FMU20170509162909null---2---2
FMU20170509162909null---2---2
PUK20170511171710null---4---4
FMU20170509162909null---2---2
FMU20170509162909null---2---2
PUK20170511171710null---5---5
FMU20170509162909null---2---2
PUK20170511171710null---5---5
PUK20170511171710null---5---5
PUK20170511171710null---5---5
PUK20170511171710null---5---5
PUK20170511171710null---5---5
PUK20170511171710null---5---5
PUK20170511171710null---5---5
PUK20170511171710null---5---5
PUK20170511171710null---5---5
PUK20170511171710null---5---5
PUK20170511171710null---5---5
PUK20170511171710null---5---5
PUK20170511171710null---5---5
PUK20170511171710null---5---5
PUK20170511171710null---5---5
PUK20170511171710null---5---5
PUK20170511171710null---5---5
PUK20170511171710null---5---5
PUK20170511171710null---5---5
PUK20170511171710null---5---5
FMU20170509162909null---2---2
FMU20170509162909null---2---2
FMU20170509162909null---2---2
FMU20170509162909null---2---2
FMU20170509162909null---2---2
FMU20170509162909null---2---2
FMU20170509162909null---2---2
FMU20170509162909null---2---2
FMU20170509162909null---2---2
FMU20170509162909null---2---2
FMU20170509162909null---2---2
FMU20170509162909null---2---2
FMU20170509162909null---2---2
FMU20170509162909null---2---2
FMU20170509162909null---2---2
FMU20170509162909null---2---2
FMU20170509162909null---2---2
FMU20170509162909null---2---2
FMU20170509162909null---2---2
FMU20170509162909null---2---2
FMU20170509162909null---2---2
FMU20170509162909null---2---2
FMU20170509162909null---2---2
FMU20170509162909null---2---2
FMU20170509162909null---2---2
FMU20170509162909null---2---2
FMU20170509162909null---2---2
FMU20170509162909null---2---2
FMU20170509162909null---2---2
FMU20170509162909null---2---2
FMU20170509162909null---2---2
FMU20170509162909null---2---2
FMU20170509162909null---2---2
FMU20170509162909null---2---2
FMU20170509162909null---2---2
FMU20170509162909null---2---2
FMU20170509162909null---2---2
FMU20170509162909null---2---2
FMU20170509162909null---2---2
FMU20170509162909null---2---2
FMU20170509162909null---2---2
FMU20170509162909null---2---2
FMU20170509162909null---2---2
FMU20170509162909null---2---2
FMU20170509162909null---2---2
FMU20170509162909null---2---2
FMU20170509162909null---2---2
FMU20170509162909null---2---2
FMU20170509162909null---2---2
FMU20170509162909null---2---2
FMU20170509162909null---2---2
FMU20170509162909null---2---2
FMU20170509162909null---2---2
FMU20170509162909null---2---2
FMU20170509162909null---2---2
FMU20170509162909null---2---2
FMU20170509162909null---2---2
FMU20170509162909null---2---2
FMU20170509162909null---2---2
FMU20170509162909null---2---2
FMU20170509162909null---2---2
FMU20170509162909null---2---2
FMU20170509162909null---2---2
FMU20170509162909null---2---2
FMU20170509162909null---2---2
FMU20170509162909null---2---2
FMU20170509162909null---2---2
FMU20170509162909null---2---2
FMU20170509162909null---2---2
FMU20170509162909null---2---2
FMU20170509162909null---2---2
FMU20170509162909null---2---2
FMU20170509162909null---2---2
FMU20170509162909null---2---2
FMU20170509162909null---2---2
FMU20170509162909null---2---2
FMU20170509162909null---2---2
FMU20170509162909null---2---2
FMU20170509162909null---2---2
KZK20170511145233null---2---2
FMU20170509162909null---2---2
FMU20170509162909null---2---2
FMU20170509162909null---2---2
FMU20170509162909null---2---2
FMU20170509162909null---2---2
FMU20170509162909null---2---2
FMU20170509162909null---2---2
FMU20170509162909null---2---2
FMU20170509162909null---2---2
FMU20170509162909null---2---2
FMU20170509162909null---2---2
FMU20170509162909null---2---2
FMU20170509162909null---2---2
FMU20170509162909null---2---2
FMU20170509162909null---2---2
FMU20170509162909null---2---2
FMU20170509162909null---2---2
FMU20170509162909null---2---2
FMU20170509162909null---2---2
FMU20170509162909null---2---2
FMU20170509162909null---2---2
FMU20170509162909null---2---2
FMU20170509162909null---2---2
FMU20170509162909null---2---2
FMU20170509162909null---2---2
FMU20170509162909null---2---2
FMU20170509162909null---2---2
FMU20170509162909null---2---2
FMU20170509162909null---2---2
FMU20170509162909null---2---2
FMU20170509162909null---2---2
FMU20170509162909null---2---2
FMU20170509162909null---2---2
FMU20170509162909null---2---2
FMU20170509162909null---2---2
FMU20170509162909null---2---2
FMU20170509162909null---2---2
FMU20170509162909null---2---2
FMU20170509162909null---2---2
FMU20170509162909null---2---2
FMU20170509162909null---2---2
FMU20170509162909null---2---2
FMU20170509162909null---2---2
FMU20170509162909null---2---2
FMU20170509162909null---2---2
FMU20170509162909null---2---2
FMU20170509162909null---2---2
FMU20170509162909null---2---2
FMU20170509162909null---2---2
FMU20170509162909null---2---2
FMU20170509162909null---2---2
FMU20170509162909null---2---2
FMU20170509162909null---2---2
XDJ20170511192616null---1---1
XDJ20170511192616null---1---1
XDJ20170511192616null---1---1
XDJ20170511192616null---1---1
XDJ20170511192616null---1---1
XDJ20170511192616null---1---1
XDJ20170511192616null---2---2
XDJ20170511192616null---1---1
XDJ20170511192616null---1---1
XDJ20170511192616null---2---2
XDJ20170511192616null---1---1
XDJ20170511192616null---1---1
XDJ20170511192616null---2---2
XDJ20170511192616null---2---2
XDJ20170511192616null---2---2
XDJ20170511192616null---2---2
XDJ20170511192616null---2---2
XDJ20170511192616null---2---2
XDJ20170511192616null---2---2
XDJ20170511192616null---2---2
XDJ20170511192616null---2---2
XDJ20170511192616null---2---2
XDJ20170511192616null---2---2
XDJ20170511192616null---2---2
XDJ20170511192616null---2---2
XDJ20170511192616null---2---2
XDJ20170511192616null---2---2
XDJ20170511192616null---2---2
FMU20170509162909null---2---2
XDJ20170511192616null---2---2
XDJ20170511192616null---2---2
XDJ20170511192616null---2---2
XDJ20170511192616null---2---2
XDJ20170511192616null---2---2
XDJ20170511192616null---2---2
XDJ20170511192616null---2---2
XDJ20170511192616null---2---2
XDJ20170511192616null---2---2
XDJ20170511192616null---2---2
XDJ20170511192616null---2---2
XDJ20170511192616null---2---2
XDJ20170511192616null---2---2
XDJ20170511192616null---2---2
XDJ20170511192616null---2---2
XDJ20170511192616null---2---2
XDJ20170511192616null---2---2
XDJ20170511192616null---2---2
XDJ20170511192616null---5---5
XDJ20170511192616null---5---5
XDJ20170511192616null---5---5
FMU20170509162909null------
FMU20170509162909null------
FMU20170509162909null------
FMU20170509162909null------
FMU20170509162909null------
FMU20170509162909null------
FMU20170509162909null------
XDJ20170511192616null---3---3
XDJ20170511192616null---1---1
FMU20170509162909null---2---2
FMU20170509162909null---2---2
FMU20170509162909null---2---2
PUK20170511171710null---5---5
AFK20170512101429null---1---1
AFK20170512101429null---1---1
AFK20170512101429null---2---2
AFK20170512101429null---2---2
AFK20170512101429null---2---2
AFK20170512101429null---2---2
AFK20170512101429null---2---2
AFK20170512101429null---2---2
AFK20170512101429null---2---2
AFK20170512101429null---2---2
AFK20170512101429null---2---2
AFK20170512101429null---2---2
AFK20170512101429null---2---2
AFK20170512101429null---2---2
AFK20170512101429null---2---2
AFK20170512101429null---2---2
AFK20170512101429null---2---2
AFK20170512101429null---2---2
AFK20170512101429null---2---2
AFK20170512101429null---2---2
AFK20170512101429null---2---2
AFK20170512101429null---2---2
AFK20170512101429null---2---2
AFK20170512101429null---2---2
AFK20170512101429null---2---2
AFK20170512101429null---2---2
AFK20170512101429null---2---2
AFK20170512101429null---2---2
AFK20170512101429null---2---2
AFK20170512101429null---2---2
AFK20170512101429null---2---2
AFK20170512101429null---2---2
AFK20170512101429null---2---2
AFK20170512101429null---2---2
AFK20170512101429null---2---2
AFK20170512101429null---2---2
AFK20170512101429null---2---2
AFK20170512101429null---2---2
AFK20170512101429null---2---2
AFK20170512101429null---2---2
AFK20170512101429null---2---2
AFK20170512101429null---2---2
AFK20170512101429null---2---2
AFK20170512101429null---2---2
AFK20170512101429null---2---2
AFK20170512101429null---2---2
AFK20170512101429null---2---2
AFK20170512101429null---2---2
AFK20170512101429null---2---2
AFK20170512101429null---2---2
AFK20170512101429null---2---2
AFK20170512101429null---2---2
AFK20170512101429null---2---2
AFK20170512101429null---2---2
AFK20170512101429null---2---2
AFK20170512101429null---2---2
AFK20170512101429null---2---2
AFK20170512101429null---2---2
AFK20170512101429null---2---2
AFK20170512101429null---2---2
AFK20170512101429null---2---2
AFK20170512101429null---2---2
AFK20170512101429null---2---2
AFK20170512101429null---2---2
AFK20170512101429null---2---2
AFK20170512101429null---2---2
AFK20170512101429null---2---2
AFK20170512101429null---2---2
AFK20170512101429null---2---2
AFK20170512101429null---2---2
AFK20170512101429null---2---2
AFK20170512101429null---2---2
AFK20170512101429null---2---2
AFK20170512101429null---2---2
AFK20170512101429null---2---2
AFK20170512101429null---2---2
AFK20170512101429null---2---2
AFK20170512101429null---2---2
AFK20170512101429null---2---2
AFK20170512101429null---2---2
AFK20170512101429null---2---2
AFK20170512101429null---2---2
WUE20170512092213null---2---2
LHH20170514143111null---1---1
LHH20170514143111null---5---5
LHH20170514143111null---5---5
WUE20170512092213null---2---2
WUE20170512092213null---2---2
WUE20170512092213null---2---2
WUE20170512092213null---2---2
WUE20170512092213null---2---2
WUE20170512092213null---2---2
LHH20170514143111null---5---5
LHH20170514143111null---5---5
LHH20170514143111null---5---5
LHH20170514143111null---5---5
LHH20170514143111null---5---5
LHH20170514143111null---5---5
LHH20170514143111null---5---5
LHH20170514143111null---5---5
LHH20170514143111null---5---5
LHH20170514143111null---5---5
LHH20170514143111null---5---5
LHH20170514143111null---5---5
LHH20170514143111null---5---5
LHH20170514143111null---5---5
HNY20170514144431null---2---2
LHH20170514143111null---5---5
HNY20170514144431null---2---2
HNY20170514144431null---2---2
HNY20170514144431null---2---2
HNY20170514144431null---2---2
HNY20170514144431null---2---2
HNY20170514144431null---2---2
HNY20170514144431null---2---2
HNY20170514144431null---2---2
HNY20170514144431null---2---2
HNY20170514144431null---2---2
HNY20170514144431null---2---2
HNY20170514144431null---2---2
HNY20170514144431null---2---2
HNY20170514144431null---2---2
HNY20170514144431null---2---2
HNY20170514144431null---2---2
HNY20170514144431null---2---2
HNY20170514144431null---2---2
HNY20170514144431null---2---2
HNY20170514144431null---2---2
HNY20170514144431null---2---2
HNY20170514144431null---2---2
HNY20170514144431null---2---2
HNY20170514144431null---2---2
HNY20170514144431null---2---2
HNY20170514144431null---2---2
HNY20170514144431null---2---2
HNY20170514144431null---2---2
HNY20170514144431null---2---2
HNY20170514144431null---2---2
HNY20170514144431null---2---2
HNY20170514144431null---2---2
HNY20170514144431null---2---2
HNY20170514144431null---2---2
HNY20170514144431null---2---2
HNY20170514144431null---2---2
HNY20170514144431null---2---2
FMU20170509162909null---2---2
HNY20170514144431null---2---2
HNY20170514144431null---2---2
HNY20170514144431null---2---2
HNY20170514144431null---2---2
HNY20170514144431null---2---2
HNY20170514144431null---2---2
HNY20170514144431null---2---2
HNY20170514144431null---2---2
HNY20170514144431null---2---2
HNY20170514144431null---2---2
HNY20170514144431null---2---2
HNY20170514144431null---2---2
HNY20170514144431null---2---2
HNY20170514144431null---2---2
HNY20170514144431null---2---2
HNY20170514144431null---2---2
HNY20170514144431null---2---2
HNY20170514144431null---2---2
HNY20170514144431null---2---2
HNY20170514144431null---2---2
HNY20170514144431null---2---2
HNY20170514144431null---2---2
HNY20170514144431null---2---2
HNY20170514144431null---2---2
HNY20170514144431null---2---2
HNY20170514144431null---2---2
HNY20170514144431null---2---2
HNY20170514144431null---2---2
HNY20170514144431null---2---2
HNY20170514144431null---2---2
HNY20170514144431null---2---2
HNY20170514144431null---2---2
HNY20170514144431null---2---2
HNY20170514144431null---2---2
HNY20170514144431null---2---2
HNY20170514144431null---2---2
HNY20170514144431null---2---2
HNY20170514144431null---2---2
HNY20170514144431null---2---2
HNY20170514144431null---2---2
HNY20170514144431null---2---2
HNY20170514144431null---2---2
AFK20170512101429null---2---2
AFK20170512101429null---2---2
AFK20170512101429null---2---2
AFK20170512101429null---2---2
AFK20170512101429null---2---2
AFK20170512101429null---2---2
AFK20170512101429null---2---2
AFK20170512101429null---2---2
AFK20170512101429null---2---2
AFK20170512101429null---2---2
AFK20170512101429null---2---2
AFK20170512101429null---2---2
AFK20170512101429null---2---2
AFK20170512101429null---2---2
AFK20170512101429null---2---2
AFK20170512101429null---2---2
AFK20170512101429null---2---2
AFK20170512101429null---2---2
AFK20170512101429null---2---2
AFK20170512101429null---2---2
AFK20170512101429null---2---2
AFK20170512101429null---2---2
AFK20170512101429null---2---2
AFK20170512101429null---2---2
AFK20170512101429null---2---2
AFK20170512101429null---2---2
AFK20170512101429null---2---2
AFK20170512101429null---2---2
AFK20170512101429null---2---2
AFK20170512101429null---2---2
AFK20170512101429null---2---2
AFK20170512101429null---2---2
AFK20170512101429null---2---2
AFK20170512101429null---2---2
AFK20170512101429null---2---2
AFK20170512101429null---2---2
AFK20170512101429null---2---2
AFK20170512101429null---2---2
AFK20170512101429null---2---2
AFK20170512101429null---2---2
AFK20170512101429null---2---2
AFK20170512101429null---2---2
AFK20170512101429null---2---2
AFK20170512101429null---2---2
AFK20170512101429null---2---2
AFK20170512101429null---2---2
AFK20170512101429null---2---2
AFK20170512101429null---2---2
AFK20170512101429null---2---2
AFK20170512101429null---2---2
AFK20170512101429null---2---2
AFK20170512101429null---2---2
AFK20170512101429null---2---2
AFK20170512101429null---2---2
AFK20170512101429null---2---2
AFK20170512101429null---2---2
AFK20170512101429null---2---2
AFK20170512101429null---2---2
AFK20170512101429null---2---2
AFK20170512101429null---2---2
AFK20170512101429null---2---2
AFK20170512101429null---2---2
AFK20170512101429null---2---2
AFK20170512101429null---2---2
AFK20170512101429null---2---2
AFK20170512101429null---2---2
AFK20170512101429null---2---2
AFK20170512101429null---2---2
AFK20170512101429null---2---2
AFK20170512101429null---2---2
AFK20170512101429null---2---2
AFK20170512101429null---2---2
AFK20170512101429null---2---2
AFK20170512101429null---2---2
AFK20170512101429null---2---2
AFK20170512101429null---2---2
AFK20170512101429null---2---2
AFK20170512101429null---2---2
AFK20170512101429null---2---2
AFK20170512101429null---2---2
AFK20170512101429null---2---2
HNY20170514144431null---2---2
CSP20170515171220null---1---1
CSP20170515171220null---1---1
CSP20170515171220null---1---1
CSP20170515171220null---1---1
CSP20170515171220null---1---1
CSP20170515171220null---1---1
CSP20170515171220null---1---1
CSP20170515171220null---1---1
CPO20170516120056null---1---1
SVS20170527090956null---5---5
SVS20170527090956null---5---5
SVS20170527090956null---5---5
SVS20170527090956null---5---5
SVS20170527090956null---5---5
SVS20170527090956null---5---5
SVS20170527090956null---5---5
SVS20170527090956null---5---5
SVS20170527090956null---5---5
HGM20170531135845null---1---1
QGC20170531174107null---1---1
QGC20170531174107null---1---1
QGC20170531174107null---1---1
QGC20170531174107null---2---2
QGC20170531174107null---2---2
QGC20170531174107null---2---2
QGC20170531174107null---2---2
QGC20170531174107null---2---2
QGC20170531174107null---2---2
QGC20170531174107null---2---2
QGC20170531174107null---2---2
QGC20170531174107null---2---2
QGC20170531174107null---2---2
QGC20170531174107null---2---2
QGC20170531174107null---2---2
QGC20170531174107null---2---2
QGC20170531174107null---2---2
TBB20170605151548null---3---3
TBB20170605151548null---4---4
TBB20170605151548null---4---4
TBB20170605151548null---5---5
TBB20170605151548null---3---3
TBB20170605151548null---5---5
TBB20170605151548null---5---5
TBB20170605151548null---5---5
TBB20170605151548null---5---5
TBB20170605151548null---5---5
TBB20170605151548null---5---5
TBB20170605151548null---5---5
TBB20170605151548null---5---5
TBB20170605151548null---5---5
TBB20170605151548null---5---5
TBB20170605151548null---5---5
TBB20170605151548null---5---5
TBB20170605151548null---5---5
TBB20170605151548null---5---5
TBB20170605151548null---5---5
TBB20170605151548null---5---5
TBB20170605151548null---5---5
TBB20170605151548null---5---5
TBB20170605151548null---5---5
TBB20170605151548null---5---5
TBB20170605151548null---5---5
TBB20170605151548null---5---5
TBB20170605151548null---5---5
TBB20170605151548null---5---5
TBB20170605151548null---5---5
TBB20170605151548null---5---5
TBB20170605151548null---5---5
TBB20170605151548null---5---5
TBB20170605151548null---5---5
TBB20170605151548null---5---5
TBB20170605151548null---5---5
TBB20170605151548null---5---5
TBB20170605151548null---5---5
TBB20170605151548null---5---5
TBB20170605151548null---5---5
TBB20170605151548null---5---5
TBB20170605151548null---5---5
TBB20170605151548null---5---5
TBB20170605151548null---5---5
TBB20170605151548null---5---5
TBB20170605151548null---5---5
TBB20170605151548null---5---5
TBB20170605151548null---5---5
TBB20170605151548null---5---5
TBB20170605151548null---5---5
TBB20170605151548null---5---5
TBB20170605151548null---5---5
TBB20170605151548null---5---5
XYE20170605171033null---2---2
XYE20170605171033null---2---2
XYE20170605171033null---2---2
TBB20170605151548null---5---5
TBB20170605151548null---5---5
XYE20170605171033null---2---2
NDY20170606160121null---1---1
FZY20170606151757null---1---1
FZY20170606151757null---1---1
FZY20170606151757null---1---1
TOO20170605093948null---5---5
TOO20170605093948null---5---5
TOO20170605093948null---5---5
TOO20170605093948null---5---5
TOO20170605093948null---5---5
TOO20170605093948null---5---5
TOO20170605093948null---5---5
TOO20170605093948null---5---5
TOO20170605093948null---5---5
FZY20170606151757null---1---1
FZY20170606151757null---1---1
FZY20170606151757null---1---1
UQB20170612133835null---1---1
UQB20170612133835null---2---2
UQB20170612133835null---2---2
UQB20170612133835null---2---2
QEX20170614092412null---2---2
QEX20170614092412null---2---2
QEX20170614092412null---2---2
QEX20170614092412null---2---2
QEX20170614092412null---2---2
QEX20170614092412null---2---2
QEX20170614092412null---2---2
QEX20170614092412null---2---2
QEX20170614092412null---2---2
QEX20170614092412null---2---2
QEX20170614092412null---2---2
QEX20170614092412null---2---2
QEX20170614092412null---2---2
QEX20170614092412null---2---2
QEX20170614092412null---2---2
QEX20170614092412null---2---2
QEX20170614092412null---2---2
QEX20170614092412null---2---2
QEX20170614092412null---2---2
QEX20170614092412null---2---2
QEX20170614092412null---2---2
QEX20170614092412null---2---2
QEX20170614092412null---2---2
QEX20170614092412null---2---2
QEX20170614092412null---2---2
QEX20170614092412null---2---2
QEX20170614092412null---2---2
QEX20170614092412null---2---2
QEX20170614092412null---2---2
QEX20170614092412null---2---2
QEX20170614092412null---2---2
QEX20170614092412null---2---2
QEX20170614092412null---2---2
QEX20170614092412null---2---2
QEX20170614092412null---2---2
QEX20170614092412null---2---2
QEX20170614092412null---2---2
QEX20170614092412null---2---2
QEX20170614092412null---2---2
QEX20170614092412null---2---2
QEX20170614092412null---2---2
QEX20170614092412null---2---2
QEX20170614092412null---2---2
QEX20170614092412null---2---2
QEX20170614092412null---2---2
QEX20170614092412null---2---2
QEX20170614092412null---2---2
QEX20170614092412null---2---2
OEB20170620140740null---1---1
OEB20170620140740null---1---1
OEB20170620140740null---1---1
OEB20170620140740null---1---1
IBE20170614093816null---2---2
IBE20170614093816null---2---2
IBE20170614093816null---2---2
IBE20170614093816null---2---2
IBE20170614093816null---2---2
IBE20170614093816null---2---2
IBE20170614093816null---2---2
IBE20170614093816null---2---2
IBE20170614093816null---2---2
IBE20170614093816null---2---2
IBE20170614093816null---2---2
IBE20170614093816null---2---2
IBE20170614093816null---2---2
IBE20170614093816null---2---2
IBE20170614093816null---2---2
IBE20170614093816null---2---2
IBE20170614093816null---2---2
IBE20170614093816null---2---2
IBE20170614093816null---2---2
IBE20170614093816null---2---2
IBE20170614093816null---2---2
IBE20170614093816null---2---2
IBE20170614093816null---2---2
IBE20170614093816null---2---2
IBE20170614093816null---2---2
IBE20170614093816null---2---2
IBE20170614093816null---2---2
IBE20170614093816null---2---2
IBE20170614093816null---2---2
IBE20170614093816null---2---2
IBE20170614093816null---2---2
IBE20170614093816null---2---2
IBE20170614093816null---2---2
IBE20170614093816null---2---2
IBE20170614093816null---2---2
IBE20170614093816null---2---2
IBE20170614093816null---2---2
IBE20170614093816null---2---2
IBE20170614093816null---2---2
IBE20170614093816null---2---2
IBE20170614093816null---2---2
IBE20170614093816null---2---2
IBE20170614093816null---2---2
IBE20170614093816null---2---2
IBE20170614093816null---2---2
IBE20170614093816null---2---2
IBE20170614093816null---2---2
IBE20170614093816null---2---2
IBE20170614093816null---2---2
IBE20170614093816null---2---2
IBE20170614093816null---2---2
IBE20170614093816null---2---2
IBE20170614093816null---2---2
IBE20170614093816null---2---2
IBE20170614093816null---2---2
IBE20170614093816null---2---2
IBE20170614093816null---2---2
IBE20170614093816null---2---2
IBE20170614093816null---2---2
IBE20170614093816null---2---2
IBE20170614093816null---2---2
IBE20170614093816null---2---2
IBE20170614093816null---2---2
IBE20170614093816null---2---2
IBE20170614093816null---2---2
IBE20170614093816null---2---2
IBE20170614093816null---2---2
IBE20170614093816null---2---2
IBE20170614093816null---2---2
IBE20170614093816null---2---2
IBE20170614093816null---2---2
IBE20170614093816null---2---2
IBE20170614093816null---2---2
IBE20170614093816null---2---2
IBE20170614093816null---2---2
IBE20170614093816null---2---2
IBE20170614093816null---2---2
IBE20170614093816null---2---2
IBE20170614093816null---2---2
IBE20170614093816null---2---2
IBE20170614093816null---2---2
IBE20170614093816null---2---2
IBE20170614093816null---2---2
IBE20170614093816null---2---2
IBE20170614093816null---2---2
IBE20170614093816null---2---2
IBE20170614093816null---2---2
IBE20170614093816null---2---2
IBE20170614093816null---2---2
IBE20170614093816null---2---2
IBE20170614093816null---2---2
IBE20170614093816null---2---2
IBE20170614093816null---2---2
IBE20170614093816null---2---2
IBE20170614093816null---2---2
IBE20170614093816null---2---2
IBE20170614093816null---2---2
IBE20170614093816null---2---2
IBE20170614093816null---2---2
IBE20170614093816null---2---2
IBE20170614093816null---2---2
IBE20170614093816null---2---2
IBE20170614093816null---2---2
IBE20170614093816null---2---2
IBE20170614093816null---2---2
IBE20170614093816null---2---2
IBE20170614093816null---2---2
IBE20170614093816null---2---2
IBE20170614093816null---2---2
IBE20170614093816null---2---2
IBE20170614093816null---2---2
IBE20170614093816null---2---2
IBE20170614093816null---2---2
IBE20170614093816null---2---2
IBE20170614093816null---2---2
IBE20170614093816null---2---2
IBE20170614093816null---2---2
IBE20170614093816null---2---2
IBE20170614093816null---2---2
IBE20170614093816null---2---2
IBE20170614093816null---2---2
IBE20170614093816null---2---2
IBE20170614093816null---2---2
IBE20170614093816null---2---2
IBE20170614093816null---2---2
IBE20170614093816null---2---2
IBE20170614093816null---2---2
IBE20170614093816null---2---2
IBE20170614093816null---2---2
IBE20170614093816null---2---2
IBE20170614093816null---2---2
IBE20170614093816null---2---2
IBE20170614093816null---2---2
IBE20170614093816null---2---2
IBE20170614093816null---2---2
IBE20170614093816null---2---2
IBE20170614093816null---2---2
IBE20170614093816null---2---2
CJW20170623102250null---2---2
IBE20170614093816null---2---2
IBE20170614093816null---2---2
IBE20170614093816null---2---2
IBE20170614093816null---2---2
IBE20170614093816null---2---2
IBE20170614093816null---2---2
IBE20170614093816null---2---2
ECV20170626093141null---1---1
ECV20170626093141null---1---1
OJV20170626142138null------
ECV20170626093141null---2---2
ECV20170626093141null---2---2
ECV20170626093141null---2---2
